<?xml version="1.0" encoding="UTF-8"?>
<!-- Generated by org.testng.reporters.JUnitReportReporter -->
<testsuite hostname="MAYTINH-6IQQQN0" name="hieutran.BankTestCase" tests="2" failures="0" timestamp="8 May 2017 01:31:24 GMT" time="11.162" errors="0">
  <testcase name="TC_002_EditAccount" time="4.643" classname="hieutran.BankTestCase"/>
  <testcase name="TC_001_CreateNewAccount" time="6.519" classname="hieutran.BankTestCase"/>
</testsuite> <!-- hieutran.BankTestCase -->
