<?xml version="1.0" encoding="UTF-8"?>
<!-- Generated by org.testng.reporters.JUnitReportReporter -->
<testsuite hostname="MAYTINH-6IQQQN0" name="webdriver_10_testng.TestNG_MultiBrowser" tests="3" failures="0" timestamp="21 Apr 2017 14:12:48 GMT" time="10.076" errors="0">
  <testcase name="TC_001" time="2.501" classname="webdriver_10_testng.TestNG_MultiBrowser"/>
  <testcase name="TC_001" time="3.903" classname="webdriver_10_testng.TestNG_MultiBrowser"/>
  <testcase name="TC_001" time="3.672" classname="webdriver_10_testng.TestNG_MultiBrowser"/>
</testsuite> <!-- webdriver_10_testng.TestNG_MultiBrowser -->
