<?xml version="1.0" encoding="UTF-8"?>
<!-- Generated by org.testng.reporters.JUnitReportReporter -->
<testsuite hostname="MAYTINH-6IQQQN0" name="hieutran.ECommerceTestCases" tests="6" failures="0" timestamp="19 Mar 2017 13:59:16 GMT" time="68.327" errors="0">
  <testcase name="TC_003" time="8.338" classname="hieutran.ECommerceTestCases"/>
  <testcase name="TC_001" time="5.267" classname="hieutran.ECommerceTestCases"/>
  <testcase name="TC_004" time="11.612" classname="hieutran.ECommerceTestCases"/>
  <testcase name="TC_002" time="7.156" classname="hieutran.ECommerceTestCases"/>
  <testcase name="TC_006" time="20.876" classname="hieutran.ECommerceTestCases"/>
  <testcase name="TC_005" time="15.078" classname="hieutran.ECommerceTestCases"/>
</testsuite> <!-- hieutran.ECommerceTestCases -->
