<?xml version="1.0" encoding="UTF-8"?>
<!-- Generated by org.testng.reporters.JUnitReportReporter -->
<testsuite hostname="MAYTINH-6IQQQN0" name="hieutran.Demo_01" tests="5" failures="0" timestamp="2 Mar 2017 12:10:30 GMT" time="30.810" errors="0">
  <testcase name="TC_03" time="3.504" classname="hieutran.Demo_01"/>
  <testcase name="TC_02" time="3.152" classname="hieutran.Demo_01"/>
  <testcase name="TC_01" time="12.280" classname="hieutran.Demo_01"/>
  <testcase name="TC_04" time="3.257" classname="hieutran.Demo_01"/>
  <testcase name="TC_05" time="8.617" classname="hieutran.Demo_01"/>
</testsuite> <!-- hieutran.Demo_01 -->
