<?xml version="1.0" encoding="UTF-8"?>
<!-- Generated by org.testng.reporters.JUnitReportReporter -->
<testsuite hostname="MAYTINH-6IQQQN0" name="webdriver_10_testng.TestNG_Annotations_01" tests="2" failures="0" timestamp="15 Apr 2017 04:15:50 GMT" time="9.789" errors="0">
  <testcase name="TC_001_TestNG_Annotations_Example" time="5.092" classname="webdriver_10_testng.TestNG_Annotations_01"/>
  <testcase name="TC_002_TestNG_Annotations_Example1" time="4.697" classname="webdriver_10_testng.TestNG_Annotations_01"/>
</testsuite> <!-- webdriver_10_testng.TestNG_Annotations_01 -->
