<?xml version="1.0" encoding="UTF-8"?>
<!-- Generated by org.testng.reporters.JUnitReportReporter -->
<testsuite hostname="MAYTINH-6IQQQN0" name="hieutran.Execures09" tests="5" failures="0" timestamp="13 Apr 2017 07:14:27 GMT" time="129.579" errors="0">
  <testcase name="TC_002_Upload_file_by_AutoIT" time="8.782" classname="hieutran.Execures09"/>
  <testcase name="TC_005_test" time="13.901" classname="hieutran.Execures09"/>
  <testcase name="TC_003_Upload_file_by_Robot_class" time="6.517" classname="hieutran.Execures09"/>
  <testcase name="TC_004_Upload_file_on_PRES" time="84.561" classname="hieutran.Execures09"/>
  <testcase name="TC_001_Upload_file_by_sendkeys" time="15.818" classname="hieutran.Execures09"/>
</testsuite> <!-- hieutran.Execures09 -->
