<?xml version="1.0" encoding="UTF-8"?>
<!-- Generated by org.testng.reporters.JUnitReportReporter -->
<testsuite hostname="MAYTINH-6IQQQN0" name="hieutran.Execures10" tests="1" failures="0" timestamp="15 Apr 2017 08:32:16 GMT" time="17.665" errors="0">
  <testcase name="TC_004_Fluent_Wait_02" time="17.665" classname="hieutran.Execures10"/>
</testsuite> <!-- hieutran.Execures10 -->
