<?xml version="1.0" encoding="UTF-8"?>
<!-- Generated by org.testng.reporters.JUnitReportReporter -->
<testsuite hostname="MAYTINH-6IQQQN0" name="hieutran.Execures08_003" tests="1" failures="0" timestamp="6 Apr 2017 07:52:44 GMT" time="12.163" errors="0">
  <testcase name="TC_001" time="12.163" classname="hieutran.Execures08_003"/>
</testsuite> <!-- hieutran.Execures08_003 -->
