<?xml version="1.0" encoding="UTF-8"?>
<!-- Generated by org.testng.reporters.JUnitReportReporter -->
<testsuite hostname="MAYTINH-6IQQQN0" name="webdriver_10_testng.TestNG_Parameters" tests="4" failures="0" timestamp="15 Apr 2017 10:25:15 GMT" time="10.432" errors="0">
  <testcase name="TC_002" time="1.760" classname="webdriver_10_testng.TestNG_Parameters"/>
  <testcase name="TC_003" time="2.332" classname="webdriver_10_testng.TestNG_Parameters"/>
  <testcase name="TC_003" time="2.200" classname="webdriver_10_testng.TestNG_Parameters"/>
  <testcase name="TC_002" time="4.140" classname="webdriver_10_testng.TestNG_Parameters"/>
</testsuite> <!-- webdriver_10_testng.TestNG_Parameters -->
