<?xml version="1.0" encoding="UTF-8"?>
<!-- Generated by org.testng.reporters.JUnitReportReporter -->
<testsuite hostname="MAYTINH-6IQQQN0" name="hieutran.Execure05" tests="1" failures="0" timestamp="19 Mar 2017 13:57:08 GMT" time="21.762" errors="0">
  <testcase name="TC_002_Test_Script_02" time="21.762" classname="hieutran.Execure05"/>
</testsuite> <!-- hieutran.Execure05 -->
