<?xml version="1.0" encoding="UTF-8"?>
<!-- Generated by org.testng.reporters.JUnitReportReporter -->
<testsuite hostname="MAYTINH-6IQQQN0" name="hieutran.Execures06" tests="1" failures="0" timestamp="2 Apr 2017 03:15:02 GMT" time="4.826" errors="0">
  <testcase name="TC_004_Right_click_to_element" time="4.826" classname="hieutran.Execures06"/>
</testsuite> <!-- hieutran.Execures06 -->
