<?xml version="1.0" encoding="UTF-8"?>
<!-- Generated by org.testng.reporters.JUnitReportReporter -->
<testsuite hostname="MAYTINH-6IQQQN0" name="hieutran.demoUploadMulti" tests="1" failures="0" timestamp="16 Jun 2017 15:49:15 GMT" time="109.327" errors="0">
  <testcase name="TC_005_test" time="109.327" classname="hieutran.demoUploadMulti"/>
</testsuite> <!-- hieutran.demoUploadMulti -->
