<?xml version="1.0" encoding="UTF-8"?>
<!-- Generated by org.testng.reporters.JUnitReportReporter -->
<testsuite hostname="MAYTINH-6IQQQN0" name="webdriver_10_testng.TestNG_Multibrowsers" tests="1" failures="0" timestamp="17 Apr 2017 13:18:58 GMT" time="4.382" errors="0">
  <testcase name="TC_001" time="4.382" classname="webdriver_10_testng.TestNG_Multibrowsers"/>
</testsuite> <!-- webdriver_10_testng.TestNG_Multibrowsers -->
