<?xml version="1.0" encoding="UTF-8"?>
<!-- Generated by org.testng.reporters.JUnitReportReporter -->
<testsuite hostname="MAYTINH-6IQQQN0" name="hieutran.Execure01FromDam" tests="1" failures="0" timestamp="2 Mar 2017 15:39:02 GMT" time="7.536" errors="0">
  <testcase name="TC_01_CreateNewAccount" time="7.536" classname="hieutran.Execure01FromDam"/>
</testsuite> <!-- hieutran.Execure01FromDam -->
