<?xml version="1.0" encoding="UTF-8"?>
<!-- Generated by org.testng.reporters.JUnitReportReporter -->
<testsuite hostname="MAYTINH-6IQQQN0" name="hieutran.Execures08_002_common" tests="1" failures="0" timestamp="4 Apr 2017 09:44:14 GMT" time="23.184" errors="0">
  <testcase name="TC_01_" time="23.184" classname="hieutran.Execures08_002_common"/>
</testsuite> <!-- hieutran.Execures08_002_common -->
