<?xml version="1.0" encoding="UTF-8"?>
<!-- Generated by org.testng.reporters.JUnitReportReporter -->
<testsuite hostname="MAYTINH-6IQQQN0" name="sytner.homepage.HomePage_001_MenuItems" tests="15" failures="0" timestamp="25 Mar 2017 02:01:50 GMT" time="228.992" errors="0">
  <testcase name="MenuItems_012_SellYourCar" time="11.365" classname="sytner.homepage.HomePage_001_MenuItems"/>
  <testcase name="MenuItems_009_CarMaintenance" time="14.464" classname="sytner.homepage.HomePage_001_MenuItems"/>
  <testcase name="MenuItems_004_Careers" time="8.549" classname="sytner.homepage.HomePage_001_MenuItems"/>
  <testcase name="MenuItems_007_UsedCarSearch" time="13.145" classname="sytner.homepage.HomePage_001_MenuItems"/>
  <testcase name="MenuItems_005_Finance" time="19.108" classname="sytner.homepage.HomePage_001_MenuItems"/>
  <testcase name="MenuItems_001_AboutUs" time="15.597" classname="sytner.homepage.HomePage_001_MenuItems"/>
  <testcase name="MenuItems_006_SavedVehicles" time="14.202" classname="sytner.homepage.HomePage_001_MenuItems"/>
  <testcase name="MenuItems_011_BusinessUsers" time="12.325" classname="sytner.homepage.HomePage_001_MenuItems"/>
  <testcase name="MenuItems_015_SytnerGroupLogo" time="27.239" classname="sytner.homepage.HomePage_001_MenuItems"/>
  <testcase name="MenuItems_008_NewCars" time="16.183" classname="sytner.homepage.HomePage_001_MenuItems"/>
  <testcase name="MenuItems_002_News" time="15.939" classname="sytner.homepage.HomePage_001_MenuItems"/>
  <testcase name="MenuItems_014_HomeIcon" time="18.384" classname="sytner.homepage.HomePage_001_MenuItems"/>
  <testcase name="MenuItems_003_CustomerService" time="14.430" classname="sytner.homepage.HomePage_001_MenuItems"/>
  <testcase name="MenuItems_013_DealerLocator" time="12.389" classname="sytner.homepage.HomePage_001_MenuItems"/>
  <testcase name="MenuItems_010_Promotions" time="15.673" classname="sytner.homepage.HomePage_001_MenuItems"/>
</testsuite> <!-- sytner.homepage.HomePage_001_MenuItems -->
