<?xml version="1.0" encoding="UTF-8"?>
<!-- Generated by org.testng.reporters.JUnitReportReporter -->
<testsuite hostname="MAYTINH-6IQQQN0" name="webdriver_10_testng.test_003" tests="1" failures="0" timestamp="21 Apr 2017 14:19:35 GMT" time="0.009" errors="0">
  <testcase name="f" time="0.009" classname="webdriver_10_testng.test_003"/>
</testsuite> <!-- webdriver_10_testng.test_003 -->
